c:\users\adeli\onedrive\desktop\sem 2 anul 2\pid\imageprocessingframework-main\imageprocessingframework-main\plane-flight-simulation\plane-simulation\plane-simulation\debug\vc142.pdb
c:\users\adeli\onedrive\desktop\sem 2 anul 2\pid\imageprocessingframework-main\imageprocessingframework-main\plane-flight-simulation\plane-simulation\plane-simulation\debug\vc142.idb
c:\users\adeli\onedrive\desktop\sem 2 anul 2\pid\imageprocessingframework-main\imageprocessingframework-main\plane-flight-simulation\plane-simulation\plane-simulation\debug\source.obj
c:\users\adeli\onedrive\desktop\sem 2 anul 2\pid\imageprocessingframework-main\imageprocessingframework-main\plane-flight-simulation\plane-simulation\plane-simulation\debug\skybox.obj
c:\users\adeli\onedrive\desktop\sem 2 anul 2\pid\imageprocessingframework-main\imageprocessingframework-main\plane-flight-simulation\plane-simulation\plane-simulation\debug\shader.obj
c:\users\adeli\onedrive\desktop\sem 2 anul 2\pid\imageprocessingframework-main\imageprocessingframework-main\plane-flight-simulation\plane-simulation\plane-simulation\debug\loadobject.obj
c:\users\adeli\onedrive\desktop\sem 2 anul 2\pid\imageprocessingframework-main\imageprocessingframework-main\plane-flight-simulation\plane-simulation\plane-simulation\debug\indexbuffer.obj
c:\users\adeli\onedrive\desktop\sem 2 anul 2\pid\imageprocessingframework-main\imageprocessingframework-main\plane-flight-simulation\plane-simulation\plane-simulation\debug\camera.obj
c:\users\adeli\onedrive\desktop\sem 2 anul 2\pid\imageprocessingframework-main\imageprocessingframework-main\plane-flight-simulation\plane-simulation\plane-simulation\debug\terrain.obj
c:\users\adeli\onedrive\desktop\sem 2 anul 2\pid\imageprocessingframework-main\imageprocessingframework-main\plane-flight-simulation\plane-simulation\plane-simulation\debug\model.obj
c:\users\adeli\onedrive\desktop\sem 2 anul 2\pid\imageprocessingframework-main\imageprocessingframework-main\plane-flight-simulation\plane-simulation\plane-simulation\debug\mesh.obj
c:\users\adeli\onedrive\desktop\sem 2 anul 2\pid\imageprocessingframework-main\imageprocessingframework-main\plane-flight-simulation\plane-simulation\plane-simulation\debug\texture.obj
c:\users\adeli\onedrive\desktop\sem 2 anul 2\pid\imageprocessingframework-main\imageprocessingframework-main\plane-flight-simulation\plane-simulation\debug\plane-simulation.exe
c:\users\adeli\onedrive\desktop\sem 2 anul 2\pid\imageprocessingframework-main\imageprocessingframework-main\plane-flight-simulation\plane-simulation\plane-simulation\debug\plane-simulation.ilk
c:\users\adeli\onedrive\desktop\sem 2 anul 2\pid\imageprocessingframework-main\imageprocessingframework-main\plane-flight-simulation\plane-simulation\debug\plane-simulation.pdb
c:\users\adeli\onedrive\desktop\sem 2 anul 2\pid\imageprocessingframework-main\imageprocessingframework-main\plane-flight-simulation\plane-simulation\plane-simulation\debug\plane-simulation.tlog\cl.command.1.tlog
c:\users\adeli\onedrive\desktop\sem 2 anul 2\pid\imageprocessingframework-main\imageprocessingframework-main\plane-flight-simulation\plane-simulation\plane-simulation\debug\plane-simulation.tlog\cl.read.1.tlog
c:\users\adeli\onedrive\desktop\sem 2 anul 2\pid\imageprocessingframework-main\imageprocessingframework-main\plane-flight-simulation\plane-simulation\plane-simulation\debug\plane-simulation.tlog\cl.write.1.tlog
c:\users\adeli\onedrive\desktop\sem 2 anul 2\pid\imageprocessingframework-main\imageprocessingframework-main\plane-flight-simulation\plane-simulation\plane-simulation\debug\plane-simulation.tlog\link.command.1.tlog
c:\users\adeli\onedrive\desktop\sem 2 anul 2\pid\imageprocessingframework-main\imageprocessingframework-main\plane-flight-simulation\plane-simulation\plane-simulation\debug\plane-simulation.tlog\link.read.1.tlog
c:\users\adeli\onedrive\desktop\sem 2 anul 2\pid\imageprocessingframework-main\imageprocessingframework-main\plane-flight-simulation\plane-simulation\plane-simulation\debug\plane-simulation.tlog\link.write.1.tlog
